c:\users\alect\copy\it356\assignment 4\scenegraphs\debug\vc120.pdb
c:\users\alect\copy\it356\assignment 4\scenegraphs\debug\vc120.idb
c:\users\alect\copy\it356\assignment 4\scenegraphs\debug\maze.obj
c:\users\alect\copy\it356\assignment 4\scenegraphs\debug\scenegraph.obj
c:\users\alect\copy\it356\assignment 4\scenegraphs\debug\scenegraphviewer.obj
c:\users\alect\copy\it356\assignment 4\scenegraphs\debug\view.obj
c:\users\alect\copy\it356\assignment 4\scenegraphs\debug\view2d.obj
c:\users\alect\copy\it356\assignment 5\scenegraphs\debug\vc120.pdb
c:\users\alect\copy\it356\assignment 5\scenegraphs\debug\vc120.idb
c:\users\alect\copy\it356\assignment 5\scenegraphs\debug\scenegraph.obj
c:\users\alect\copy\it356\assignment 5\scenegraphs\debug\scenegraphviewer.obj
c:\users\alect\copy\it356\assignment 5\scenegraphs\debug\view.obj
c:\users\alect\copy\it356\assignment 4\debug\scenegraphs.ilk
c:\users\alect\copy\it356\assignment 4\debug\scenegraphs.exe
c:\users\alect\copy\it356\assignment 4\debug\scenegraphs.pdb
c:\users\alect\copy\it356\assignment 5\debug\scenegraphs.ilk
c:\users\alect\copy\it356\assignment 5\debug\scenegraphs.exe
c:\users\alect\copy\it356\assignment 5\debug\scenegraphs.pdb
c:\users\alect\copy\it356\assignment 5\scenegraphs\debug\maze.obj
c:\users\alect\copy\it356\assignment 5\scenegraphs\debug\view2d.obj
c:\users\alect\copy\it356\assignment 5\scenegraphs\debug\scenegraphs.tlog\cl.command.1.tlog
c:\users\alect\copy\it356\assignment 5\scenegraphs\debug\scenegraphs.tlog\cl.read.1.tlog
c:\users\alect\copy\it356\assignment 5\scenegraphs\debug\scenegraphs.tlog\cl.write.1.tlog
c:\users\alect\copy\it356\assignment 5\scenegraphs\debug\scenegraphs.tlog\link.command.1.tlog
c:\users\alect\copy\it356\assignment 5\scenegraphs\debug\scenegraphs.tlog\link.read.1.tlog
c:\users\alect\copy\it356\assignment 5\scenegraphs\debug\scenegraphs.tlog\link.write.1.tlog
